<?xml version="1.0" encoding="UTF-8"?>
<!-- Generated by org.testng.reporters.JUnitReportReporter -->
<testsuite hostname="LAPTOP-33JDKDRM" failures="0" tests="1" name="Test_Classes.Post_TC1" time="22.614" errors="0" timestamp="2023-07-02T22:18:14 IST" skipped="0">
  <testcase classname="Test_Classes.Post_TC1" name="extractor" time="22.614"/>
  <system-out/>
</testsuite> <!-- Test_Classes.Post_TC1 -->
